Copyright 1986-2020 Xilinx, Inc. All Rights Reserved.
------------------------------------------------------------------------------------
| Tool Version : Vivado v.2020.1 (win64) Build 2902540 Wed May 27 19:54:49 MDT 2020
| Date         : Sat Nov  7 15:23:02 2020
| Host         : DESKTOP-5MCECV2 running 64-bit major release  (build 9200)
| Command      : report_clock_utilization -file bft_clock_utilization_routed.rpt
| Design       : bft
| Device       : 7k70t-fbg484
| Speed File   : -2  PRODUCTION 1.12 2017-02-17
| Design State : Routed
------------------------------------------------------------------------------------

Clock Utilization Report

Table of Contents
-----------------
1. Clock Primitive Utilization
2. Global Clock Resources
3. Global Clock Source Details
4. Clock Regions: Key Resource Utilization
5. Clock Regions : Global Clock Summary
6. Device Cell Placement Summary for Global Clock g0
7. Device Cell Placement Summary for Global Clock g1
8. Clock Region Cell Placement per Global Clock: Region X0Y0
9. Clock Region Cell Placement per Global Clock: Region X1Y0
10. Clock Region Cell Placement per Global Clock: Region X0Y1
11. Clock Region Cell Placement per Global Clock: Region X1Y1

1. Clock Primitive Utilization
------------------------------

+----------+------+-----------+-----+--------------+--------+
| Type     | Used | Available | LOC | Clock Region | Pblock |
+----------+------+-----------+-----+--------------+--------+
| BUFGCTRL |    2 |        32 |   0 |            0 |      0 |
| BUFH     |    0 |        96 |   0 |            0 |      0 |
| BUFIO    |    0 |        24 |   0 |            0 |      0 |
| BUFMR    |    0 |        12 |   0 |            0 |      0 |
| BUFR     |    0 |        24 |   0 |            0 |      0 |
| MMCM     |    0 |         6 |   0 |            0 |      0 |
| PLL      |    0 |         6 |   0 |            0 |      0 |
+----------+------+-----------+-----+--------------+--------+


2. Global Clock Resources
-------------------------

+-----------+-----------+-----------------+------------+---------------+--------------+-------------------+-------------+-----------------+--------------+--------+-------------------------+------------------+
| Global Id | Source Id | Driver Type/Pin | Constraint | Site          | Clock Region | Load Clock Region | Clock Loads | Non-Clock Loads | Clock Period | Clock  | Driver Pin              | Net              |
+-----------+-----------+-----------------+------------+---------------+--------------+-------------------+-------------+-----------------+--------------+--------+-------------------------+------------------+
| g0        | src0      | BUFG/O          | None       | BUFGCTRL_X0Y0 | n/a          |                 4 |         730 |               0 |        5.000 | bftClk | bftClk_IBUF_BUFG_inst/O | bftClk_IBUF_BUFG |
| g1        | src1      | BUFG/O          | None       | BUFGCTRL_X0Y1 | n/a          |                 4 |         704 |               0 |       10.000 | wbClk  | wbClk_IBUF_BUFG_inst/O  | wbClk_IBUF_BUFG  |
+-----------+-----------+-----------------+------------+---------------+--------------+-------------------+-------------+-----------------+--------------+--------+-------------------------+------------------+
* Clock Loads column represents the clock pin loads (pin count)
** Non-Clock Loads column represents the non-clock pin loads (pin count)


3. Global Clock Source Details
------------------------------

+-----------+-----------+-----------------+------------+-----------+--------------+-------------+-----------------+---------------------+--------------+--------------------+-------------+
| Source Id | Global Id | Driver Type/Pin | Constraint | Site      | Clock Region | Clock Loads | Non-Clock Loads | Source Clock Period | Source Clock | Driver Pin         | Net         |
+-----------+-----------+-----------------+------------+-----------+--------------+-------------+-----------------+---------------------+--------------+--------------------+-------------+
| src0      | g0        | IBUF/O          | IOB_X0Y22  | IOB_X0Y22 | X0Y0         |           1 |               0 |               5.000 | bftClk       | bftClk_IBUF_inst/O | bftClk_IBUF |
| src1      | g1        | IBUF/O          | IOB_X0Y28  | IOB_X0Y28 | X0Y0         |           1 |               0 |              10.000 | wbClk        | wbClk_IBUF_inst/O  | wbClk_IBUF  |
+-----------+-----------+-----------------+------------+-----------+--------------+-------------+-----------------+---------------------+--------------+--------------------+-------------+
* Clock Loads column represents the clock pin loads (pin count)
** Non-Clock Loads column represents the non-clock pin loads (pin count)


4. Clock Regions: Key Resource Utilization
------------------------------------------

+-------------------+--------------+--------------+--------------+--------------+--------------+--------------+--------------+--------------+--------------+--------------+--------------+--------------+--------------+--------------+--------------+
|                   | Global Clock |     BUFRs    |    BUFMRs    |    BUFIOs    |     MMCM     |      PLL     |      GT      |      PCI     |    ILOGIC    |    OLOGIC    |      FF      |     LUTM     |    RAMB18    |    RAMB36    |    DSP48E2   |
+-------------------+------+-------+------+-------+------+-------+------+-------+------+-------+------+-------+------+-------+------+-------+------+-------+------+-------+------+-------+------+-------+------+-------+------+-------+------+-------+
| Clock Region Name | Used | Avail | Used | Avail | Used | Avail | Used | Avail | Used | Avail | Used | Avail | Used | Avail | Used | Avail | Used | Avail | Used | Avail | Used | Avail | Used | Avail | Used | Avail | Used | Avail | Used | Avail |
+-------------------+------+-------+------+-------+------+-------+------+-------+------+-------+------+-------+------+-------+------+-------+------+-------+------+-------+------+-------+------+-------+------+-------+------+-------+------+-------+
| X0Y0              |    2 |    12 |    0 |     4 |    0 |     2 |    0 |     4 |    0 |     1 |    0 |     1 |    0 |     0 |    0 |     0 |    0 |    50 |    0 |    50 |  919 |  1800 |  269 |   500 |    0 |    40 |    9 |    20 |   38 |    40 |
| X1Y0              |    2 |    12 |    0 |     4 |    0 |     2 |    0 |     4 |    0 |     1 |    0 |     1 |    0 |     0 |    0 |     0 |    0 |    50 |    0 |    50 |  250 |  1300 |   81 |   400 |    0 |    40 |    3 |    20 |   16 |    20 |
| X0Y1              |    2 |    12 |    0 |     4 |    0 |     2 |    0 |     4 |    0 |     1 |    0 |     1 |    0 |     0 |    0 |     0 |    0 |    50 |    0 |    50 |   99 |  1200 |   53 |   500 |    0 |    40 |    3 |    20 |    8 |    40 |
| X1Y1              |    2 |    12 |    0 |     4 |    0 |     2 |    0 |     4 |    0 |     1 |    0 |     1 |    0 |     0 |    0 |     0 |    0 |    50 |    0 |    50 |   70 |  1300 |   21 |   400 |    0 |    40 |    1 |    20 |    2 |    20 |
| X0Y2              |    0 |    12 |    0 |     4 |    0 |     2 |    0 |     4 |    0 |     1 |    0 |     1 |    0 |     0 |    0 |     0 |    0 |    50 |    0 |    50 |    0 |  1200 |    0 |   500 |    0 |    40 |    0 |    20 |    0 |    40 |
| X1Y2              |    0 |    12 |    0 |     0 |    0 |     0 |    0 |     0 |    0 |     0 |    0 |     0 |    0 |     4 |    0 |     1 |    0 |     0 |    0 |     0 |    0 |   750 |    0 |   250 |    0 |    10 |    0 |     5 |    0 |    20 |
| X0Y3              |    0 |    12 |    0 |     4 |    0 |     2 |    0 |     4 |    0 |     1 |    0 |     1 |    0 |     0 |    0 |     0 |    0 |    50 |    0 |    50 |    0 |  1800 |    0 |   500 |    0 |    40 |    0 |    20 |    0 |    40 |
| X1Y3              |    0 |    12 |    0 |     0 |    0 |     0 |    0 |     0 |    0 |     0 |    0 |     0 |    0 |     4 |    0 |     0 |    0 |     0 |    0 |     0 |    0 |   900 |    0 |   300 |    0 |    20 |    0 |    10 |    0 |    20 |
+-------------------+------+-------+------+-------+------+-------+------+-------+------+-------+------+-------+------+-------+------+-------+------+-------+------+-------+------+-------+------+-------+------+-------+------+-------+------+-------+
* Global Clock column represents track count; while other columns represents cell counts


5. Clock Regions : Global Clock Summary
---------------------------------------

All Modules
+----+----+----+
|    | X0 | X1 |
+----+----+----+
| Y3 |  0 |  0 |
| Y2 |  0 |  0 |
| Y1 |  2 |  2 |
| Y0 |  2 |  2 |
+----+----+----+


6. Device Cell Placement Summary for Global Clock g0
----------------------------------------------------

+-----------+-----------------+-------------------+--------+-------------+---------------+-------------+----------+----------------+----------+------------------+
| Global Id | Driver Type/Pin | Driver Region (D) | Clock  | Period (ns) | Waveform (ns) | Slice Loads | IO Loads | Clocking Loads | GT Loads | Net              |
+-----------+-----------------+-------------------+--------+-------------+---------------+-------------+----------+----------------+----------+------------------+
| g0        | BUFG/O          | n/a               | bftClk |       5.000 | {0.000 2.500} |         730 |        0 |              0 |        0 | bftClk_IBUF_BUFG |
+-----------+-----------------+-------------------+--------+-------------+---------------+-------------+----------+----------------+----------+------------------+
* Slice Loads column represents load cell count of all cell types other than IO, GT and clock resources
** IO Loads column represents load cell count of IO types
*** Clocking Loads column represents load cell count that are clock resources (global clock buffer, MMCM, PLL, etc)
**** GT Loads column represents load cell count of GT types


+----+------+------+
|    | X0   | X1   |
+----+------+------+
| Y3 |    0 |    0 |
| Y2 |    0 |    0 |
| Y1 |   59 |   33 |
| Y0 |  489 |  149 |
+----+------+------+


7. Device Cell Placement Summary for Global Clock g1
----------------------------------------------------

+-----------+-----------------+-------------------+-------+-------------+---------------+-------------+----------+----------------+----------+-----------------+
| Global Id | Driver Type/Pin | Driver Region (D) | Clock | Period (ns) | Waveform (ns) | Slice Loads | IO Loads | Clocking Loads | GT Loads | Net             |
+-----------+-----------------+-------------------+-------+-------------+---------------+-------------+----------+----------------+----------+-----------------+
| g1        | BUFG/O          | n/a               | wbClk |      10.000 | {0.000 5.000} |         704 |        0 |              0 |        0 | wbClk_IBUF_BUFG |
+-----------+-----------------+-------------------+-------+-------------+---------------+-------------+----------+----------------+----------+-----------------+
* Slice Loads column represents load cell count of all cell types other than IO, GT and clock resources
** IO Loads column represents load cell count of IO types
*** Clocking Loads column represents load cell count that are clock resources (global clock buffer, MMCM, PLL, etc)
**** GT Loads column represents load cell count of GT types


+----+------+------+
|    | X0   | X1   |
+----+------+------+
| Y3 |    0 |    0 |
| Y2 |    0 |    0 |
| Y1 |   54 |   41 |
| Y0 |  486 |  123 |
+----+------+------+


8. Clock Region Cell Placement per Global Clock: Region X0Y0
------------------------------------------------------------

+-----------+-------+-----------------+------------+-------------+-----------------+-----+--------+------+-----+----+------+-----+---------+------------------+
| Global Id | Track | Driver Type/Pin | Constraint | Clock Loads | Non-Clock Loads | FF  | LUTRAM | RAMB | DSP | GT | MMCM | PLL | Hard IP | Net              |
+-----------+-------+-----------------+------------+-------------+-----------------+-----+--------+------+-----+----+------+-----+---------+------------------+
| g0        | n/a   | BUFG/O          | None       |         489 |               0 | 442 |      0 |    9 |  38 |  0 |    0 |   0 |       0 | bftClk_IBUF_BUFG |
| g1        | n/a   | BUFG/O          | None       |         486 |               0 | 477 |      0 |    9 |   0 |  0 |    0 |   0 |       0 | wbClk_IBUF_BUFG  |
+-----------+-------+-----------------+------------+-------------+-----------------+-----+--------+------+-----+----+------+-----+---------+------------------+
* Clock Loads column represents the clock pin loads (pin count)
** Non-Clock Loads column represents the non-clock pin loads (pin count)
*** Columns FF, LUTRAM, RAMB through 'Hard IP' represents load cell counts


9. Clock Region Cell Placement per Global Clock: Region X1Y0
------------------------------------------------------------

+-----------+-------+-----------------+------------+-------------+-----------------+-----+--------+------+-----+----+------+-----+---------+------------------+
| Global Id | Track | Driver Type/Pin | Constraint | Clock Loads | Non-Clock Loads | FF  | LUTRAM | RAMB | DSP | GT | MMCM | PLL | Hard IP | Net              |
+-----------+-------+-----------------+------------+-------------+-----------------+-----+--------+------+-----+----+------+-----+---------+------------------+
| g0        | n/a   | BUFG/O          | None       |         149 |               0 | 130 |      0 |    3 |  16 |  0 |    0 |   0 |       0 | bftClk_IBUF_BUFG |
| g1        | n/a   | BUFG/O          | None       |         123 |               0 | 120 |      0 |    3 |   0 |  0 |    0 |   0 |       0 | wbClk_IBUF_BUFG  |
+-----------+-------+-----------------+------------+-------------+-----------------+-----+--------+------+-----+----+------+-----+---------+------------------+
* Clock Loads column represents the clock pin loads (pin count)
** Non-Clock Loads column represents the non-clock pin loads (pin count)
*** Columns FF, LUTRAM, RAMB through 'Hard IP' represents load cell counts


10. Clock Region Cell Placement per Global Clock: Region X0Y1
-------------------------------------------------------------

+-----------+-------+-----------------+------------+-------------+-----------------+----+--------+------+-----+----+------+-----+---------+------------------+
| Global Id | Track | Driver Type/Pin | Constraint | Clock Loads | Non-Clock Loads | FF | LUTRAM | RAMB | DSP | GT | MMCM | PLL | Hard IP | Net              |
+-----------+-------+-----------------+------------+-------------+-----------------+----+--------+------+-----+----+------+-----+---------+------------------+
| g0        | n/a   | BUFG/O          | None       |          59 |               0 | 48 |      0 |    3 |   8 |  0 |    0 |   0 |       0 | bftClk_IBUF_BUFG |
| g1        | n/a   | BUFG/O          | None       |          54 |               0 | 51 |      0 |    3 |   0 |  0 |    0 |   0 |       0 | wbClk_IBUF_BUFG  |
+-----------+-------+-----------------+------------+-------------+-----------------+----+--------+------+-----+----+------+-----+---------+------------------+
* Clock Loads column represents the clock pin loads (pin count)
** Non-Clock Loads column represents the non-clock pin loads (pin count)
*** Columns FF, LUTRAM, RAMB through 'Hard IP' represents load cell counts


11. Clock Region Cell Placement per Global Clock: Region X1Y1
-------------------------------------------------------------

+-----------+-------+-----------------+------------+-------------+-----------------+----+--------+------+-----+----+------+-----+---------+------------------+
| Global Id | Track | Driver Type/Pin | Constraint | Clock Loads | Non-Clock Loads | FF | LUTRAM | RAMB | DSP | GT | MMCM | PLL | Hard IP | Net              |
+-----------+-------+-----------------+------------+-------------+-----------------+----+--------+------+-----+----+------+-----+---------+------------------+
| g0        | n/a   | BUFG/O          | None       |          33 |               0 | 30 |      0 |    1 |   2 |  0 |    0 |   0 |       0 | bftClk_IBUF_BUFG |
| g1        | n/a   | BUFG/O          | None       |          41 |               0 | 40 |      0 |    1 |   0 |  0 |    0 |   0 |       0 | wbClk_IBUF_BUFG  |
+-----------+-------+-----------------+------------+-------------+-----------------+----+--------+------+-----+----+------+-----+---------+------------------+
* Clock Loads column represents the clock pin loads (pin count)
** Non-Clock Loads column represents the non-clock pin loads (pin count)
*** Columns FF, LUTRAM, RAMB through 'Hard IP' represents load cell counts



# Location of BUFG Primitives 
set_property LOC BUFGCTRL_X0Y1 [get_cells wbClk_IBUF_BUFG_inst]
set_property LOC BUFGCTRL_X0Y0 [get_cells bftClk_IBUF_BUFG_inst]

# Location of IO Primitives which is load of clock spine

# Location of clock ports
set_property LOC IOB_X0Y22 [get_ports bftClk]
set_property LOC IOB_X0Y28 [get_ports wbClk]

# Clock net "wbClk_IBUF_BUFG" driven by instance "wbClk_IBUF_BUFG_inst" located at site "BUFGCTRL_X0Y1"
#startgroup
create_pblock {CLKAG_wbClk_IBUF_BUFG}
add_cells_to_pblock [get_pblocks  {CLKAG_wbClk_IBUF_BUFG}] [get_cells -filter { PRIMITIVE_GROUP != I/O && IS_PRIMITIVE==1 && PRIMITIVE_LEVEL !=INTERNAL } -of_object [get_pins -filter {DIRECTION==IN} -of_objects [get_nets -hierarchical -filter {PARENT=="wbClk_IBUF_BUFG"}]]]
resize_pblock [get_pblocks {CLKAG_wbClk_IBUF_BUFG}] -add {CLOCKREGION_X0Y0:CLOCKREGION_X0Y0 CLOCKREGION_X0Y1:CLOCKREGION_X0Y1 CLOCKREGION_X1Y0:CLOCKREGION_X1Y0 CLOCKREGION_X1Y1:CLOCKREGION_X1Y1}
#endgroup

# Clock net "bftClk_IBUF_BUFG" driven by instance "bftClk_IBUF_BUFG_inst" located at site "BUFGCTRL_X0Y0"
#startgroup
create_pblock {CLKAG_bftClk_IBUF_BUFG}
add_cells_to_pblock [get_pblocks  {CLKAG_bftClk_IBUF_BUFG}] [get_cells -filter { PRIMITIVE_GROUP != I/O && IS_PRIMITIVE==1 && PRIMITIVE_LEVEL !=INTERNAL } -of_object [get_pins -filter {DIRECTION==IN} -of_objects [get_nets -hierarchical -filter {PARENT=="bftClk_IBUF_BUFG"}]]]
resize_pblock [get_pblocks {CLKAG_bftClk_IBUF_BUFG}] -add {CLOCKREGION_X0Y0:CLOCKREGION_X0Y0 CLOCKREGION_X0Y1:CLOCKREGION_X0Y1 CLOCKREGION_X1Y0:CLOCKREGION_X1Y0 CLOCKREGION_X1Y1:CLOCKREGION_X1Y1}
#endgroup
