Copyright 1986-2020 Xilinx, Inc. All Rights Reserved.
-------------------------------------------------------------------------------------------------------------------------------
| Tool Version     : Vivado v.2020.1 (win64) Build 2902540 Wed May 27 19:54:49 MDT 2020
| Date             : Sat Nov  7 15:23:02 2020
| Host             : DESKTOP-5MCECV2 running 64-bit major release  (build 9200)
| Command          : report_power -file bft_power_routed.rpt -pb bft_power_summary_routed.pb -rpx bft_power_routed.rpx
| Design           : bft
| Device           : xc7k70tfbg484-2
| Design State     : routed
| Grade            : commercial
| Process          : typical
| Characterization : Production
-------------------------------------------------------------------------------------------------------------------------------

Power Report

Table of Contents
-----------------
1. Summary
1.1 On-Chip Components
1.2 Power Supply Summary
1.3 Confidence Level
2. Settings
2.1 Environment
2.2 Clock Constraints
3. Detailed Reports
3.1 By Hierarchy

1. Summary
----------

+--------------------------+--------------+
| Total On-Chip Power (W)  | 0.410        |
| Design Power Budget (W)  | Unspecified* |
| Power Budget Margin (W)  | NA           |
| Dynamic (W)              | 0.327        |
| Device Static (W)        | 0.083        |
| Effective TJA (C/W)      | 2.5          |
| Max Ambient (C)          | 84.0         |
| Junction Temperature (C) | 26.0         |
| Confidence Level         | Low          |
| Setting File             | ---          |
| Simulation Activity File | ---          |
| Design Nets Matched      | NA           |
+--------------------------+--------------+
* Specify Design Power Budget using, set_operating_conditions -design_power_budget <value in Watts>


1.1 On-Chip Components
----------------------

+----------------+-----------+----------+-----------+-----------------+
| On-Chip        | Power (W) | Used     | Available | Utilization (%) |
+----------------+-----------+----------+-----------+-----------------+
| Clocks         |     0.014 |        4 |       --- |             --- |
| Slice Logic    |     0.021 |     3554 |       --- |             --- |
|   LUT as Logic |     0.021 |     1657 |     41000 |            4.04 |
|   Register     |    <0.001 |     1338 |     82000 |            1.63 |
|   CARRY4       |    <0.001 |       48 |     10250 |            0.47 |
|   Others       |     0.000 |      130 |       --- |             --- |
| Signals        |     0.089 |     5181 |       --- |             --- |
| Block RAM      |     0.045 |       16 |       135 |           11.85 |
| DSPs           |     0.156 |       64 |       240 |           26.67 |
| I/O            |    <0.001 |       71 |       285 |           24.91 |
| Static Power   |     0.083 |          |           |                 |
| Total          |     0.410 |          |           |                 |
+----------------+-----------+----------+-----------+-----------------+


1.2 Power Supply Summary
------------------------

+-----------+-------------+-----------+-------------+------------+-------------+-------------+------------+
| Source    | Voltage (V) | Total (A) | Dynamic (A) | Static (A) | Powerup (A) | Budget (A)  | Margin (A) |
+-----------+-------------+-----------+-------------+------------+-------------+-------------+------------+
| Vccint    |       1.000 |     0.346 |       0.323 |      0.023 |       NA    | Unspecified | NA         |
| Vccaux    |       1.800 |     0.012 |       0.000 |      0.012 |       NA    | Unspecified | NA         |
| Vcco33    |       3.300 |     0.000 |       0.000 |      0.000 |       NA    | Unspecified | NA         |
| Vcco25    |       2.500 |     0.000 |       0.000 |      0.000 |       NA    | Unspecified | NA         |
| Vcco18    |       1.800 |     0.001 |       0.000 |      0.001 |       NA    | Unspecified | NA         |
| Vcco15    |       1.500 |     0.000 |       0.000 |      0.000 |       NA    | Unspecified | NA         |
| Vcco135   |       1.350 |     0.000 |       0.000 |      0.000 |       NA    | Unspecified | NA         |
| Vcco12    |       1.200 |     0.000 |       0.000 |      0.000 |       NA    | Unspecified | NA         |
| Vccaux_io |       1.800 |     0.000 |       0.000 |      0.000 |       NA    | Unspecified | NA         |
| Vccbram   |       1.000 |     0.004 |       0.003 |      0.001 |       NA    | Unspecified | NA         |
| MGTAVcc   |       1.000 |     0.000 |       0.000 |      0.000 |       NA    | Unspecified | NA         |
| MGTAVtt   |       1.200 |     0.000 |       0.000 |      0.000 |       NA    | Unspecified | NA         |
| MGTVccaux |       1.800 |     0.000 |       0.000 |      0.000 |       NA    | Unspecified | NA         |
| Vccadc    |       1.800 |     0.020 |       0.000 |      0.020 |       NA    | Unspecified | NA         |
+-----------+-------------+-----------+-------------+------------+-------------+-------------+------------+


1.3 Confidence Level
--------------------

+-----------------------------+------------+--------------------------------------------------------+------------------------------------------------------------------------------------------------------------+
| User Input Data             | Confidence | Details                                                | Action                                                                                                     |
+-----------------------------+------------+--------------------------------------------------------+------------------------------------------------------------------------------------------------------------+
| Design implementation state | High       | Design is routed                                       |                                                                                                            |
| Clock nodes activity        | High       | User specified more than 95% of clocks                 |                                                                                                            |
| I/O nodes activity          | Low        | More than 75% of inputs are missing user specification | Provide missing input activity with simulation results or by editing the "By Resource Type -> I/Os" view   |
| Internal nodes activity     | Medium     | User specified less than 25% of internal nodes         | Provide missing internal nodes activity with simulation results or by editing the "By Resource Type" views |
| Device models               | High       | Device models are Production                           |                                                                                                            |
|                             |            |                                                        |                                                                                                            |
| Overall confidence level    | Low        |                                                        |                                                                                                            |
+-----------------------------+------------+--------------------------------------------------------+------------------------------------------------------------------------------------------------------------+


2. Settings
-----------

2.1 Environment
---------------

+-----------------------+--------------------------+
| Ambient Temp (C)      | 25.0                     |
| ThetaJA (C/W)         | 2.5                      |
| Airflow (LFM)         | 250                      |
| Heat Sink             | medium (Medium Profile)  |
| ThetaSA (C/W)         | 4.2                      |
| Board Selection       | medium (10"x10")         |
| # of Board Layers     | 12to15 (12 to 15 Layers) |
| Board Temperature (C) | 25.0                     |
+-----------------------+--------------------------+


2.2 Clock Constraints
---------------------

+--------+--------+-----------------+
| Clock  | Domain | Constraint (ns) |
+--------+--------+-----------------+
| bftClk | bftClk |             5.0 |
| wbClk  | wbClk  |            10.0 |
+--------+--------+-----------------+


3. Detailed Reports
-------------------

3.1 By Hierarchy
----------------

+------------------------------+-----------+
| Name                         | Power (W) |
+------------------------------+-----------+
| bft                          |     0.327 |
|   arnd1                      |     0.061 |
|     transformLoop[0].ct      |     0.009 |
|     transformLoop[1].ct      |     0.008 |
|     transformLoop[2].ct      |     0.008 |
|     transformLoop[3].ct      |     0.006 |
|     transformLoop[4].ct      |     0.009 |
|     transformLoop[5].ct      |     0.008 |
|     transformLoop[6].ct      |     0.008 |
|     transformLoop[7].ct      |     0.006 |
|   arnd2                      |     0.070 |
|     ct0                      |     0.009 |
|     ct1                      |     0.009 |
|     ct2                      |     0.008 |
|     ct3                      |     0.009 |
|     ct4                      |     0.009 |
|     ct5                      |     0.009 |
|     ct6                      |     0.008 |
|     ct7                      |     0.008 |
|   arnd3                      |     0.068 |
|     transformLoop[0].ct0     |     0.008 |
|     transformLoop[0].ct1     |     0.008 |
|     transformLoop[1].ct0     |     0.008 |
|     transformLoop[1].ct1     |     0.009 |
|     transformLoop[2].ct0     |     0.009 |
|     transformLoop[2].ct1     |     0.009 |
|     transformLoop[3].ct0     |     0.008 |
|     transformLoop[3].ct1     |     0.008 |
|   arnd4                      |     0.056 |
|     transformLoop[0].ct      |     0.007 |
|     transformLoop[1].ct      |     0.007 |
|     transformLoop[2].ct      |     0.007 |
|     transformLoop[3].ct      |     0.007 |
|     transformLoop[4].ct      |     0.007 |
|     transformLoop[5].ct      |     0.007 |
|     transformLoop[6].ct      |     0.007 |
|     transformLoop[7].ct      |     0.007 |
|   egressLoop[0].egressFifo   |     0.005 |
|     buffer_fifo              |     0.005 |
|   egressLoop[1].egressFifo   |     0.005 |
|     buffer_fifo              |     0.005 |
|   egressLoop[2].egressFifo   |     0.005 |
|     buffer_fifo              |     0.005 |
|   egressLoop[3].egressFifo   |     0.005 |
|     buffer_fifo              |     0.005 |
|   egressLoop[4].egressFifo   |     0.005 |
|     buffer_fifo              |     0.005 |
|   egressLoop[5].egressFifo   |     0.005 |
|     buffer_fifo              |     0.005 |
|   egressLoop[6].egressFifo   |     0.005 |
|     buffer_fifo              |     0.005 |
|   egressLoop[7].egressFifo   |     0.005 |
|     buffer_fifo              |     0.005 |
|   ingressLoop[0].ingressFifo |     0.004 |
|     buffer_fifo              |     0.004 |
|   ingressLoop[1].ingressFifo |     0.004 |
|     buffer_fifo              |     0.004 |
|   ingressLoop[2].ingressFifo |     0.004 |
|     buffer_fifo              |     0.004 |
|   ingressLoop[3].ingressFifo |     0.004 |
|     buffer_fifo              |     0.004 |
|   ingressLoop[4].ingressFifo |     0.004 |
|     buffer_fifo              |     0.004 |
|   ingressLoop[5].ingressFifo |     0.004 |
|     buffer_fifo              |     0.004 |
|   ingressLoop[6].ingressFifo |     0.004 |
|     buffer_fifo              |     0.004 |
|   ingressLoop[7].ingressFifo |     0.004 |
|     buffer_fifo              |     0.004 |
+------------------------------+-----------+


