
*** Running vivado
    with args -log bft.vdi -applog -m64 -product Vivado -messageDb vivado.pb -mode batch -source bft.tcl -notrace



****** Vivado v2020.1 (64-bit)
  **** SW Build 2902540 on Wed May 27 19:54:49 MDT 2020
  **** IP Build 2902112 on Wed May 27 22:43:36 MDT 2020
    ** Copyright 1986-2020 Xilinx, Inc. All Rights Reserved.

source bft.tcl -notrace
Command: link_design -top bft -part xc7k70tfbg484-2
Design is defaulting to srcset: sources_1
Design is defaulting to constrset: constrs_1
INFO: [Device 21-403] Loading part xc7k70tfbg484-2
Netlist sorting complete. Time (s): cpu = 00:00:00 ; elapsed = 00:00:00.088 . Memory (MB): peak = 1024.395 ; gain = 0.000
INFO: [Netlist 29-17] Analyzing 160 Unisim elements for replacement
INFO: [Netlist 29-28] Unisim Transformation completed in 0 CPU seconds
INFO: [Project 1-479] Netlist was created with Vivado 2020.1
INFO: [Project 1-570] Preparing netlist for logic optimization
Parsing XDC File [E:/INFOTECH/First Semester/Digital system design/Xilinx/project_1/project_1.srcs/constrs_1/imports/xc7k70tfbg484-2/bft_full.xdc]
Finished Parsing XDC File [E:/INFOTECH/First Semester/Digital system design/Xilinx/project_1/project_1.srcs/constrs_1/imports/xc7k70tfbg484-2/bft_full.xdc]
INFO: [Opt 31-138] Pushed 0 inverter(s) to 0 load pin(s).
Netlist sorting complete. Time (s): cpu = 00:00:00 ; elapsed = 00:00:00.001 . Memory (MB): peak = 1024.395 ; gain = 0.000
INFO: [Project 1-111] Unisim Transformation Summary:
No Unisim elements were transformed.

7 Infos, 0 Warnings, 0 Critical Warnings and 0 Errors encountered.
link_design completed successfully
link_design: Time (s): cpu = 00:00:07 ; elapsed = 00:00:09 . Memory (MB): peak = 1024.395 ; gain = 0.000
Command: opt_design
Attempting to get a license for feature 'Implementation' and/or device 'xc7k70t'
INFO: [Common 17-349] Got license for feature 'Implementation' and/or device 'xc7k70t'
Running DRC as a precondition to command opt_design

Starting DRC Task
INFO: [DRC 23-27] Running DRC with 2 threads
INFO: [Project 1-461] DRC finished with 0 Errors
INFO: [Project 1-462] Please refer to the DRC report (report_drc) for more information.

Time (s): cpu = 00:00:02 ; elapsed = 00:00:01 . Memory (MB): peak = 1024.395 ; gain = 0.000

Starting Cache Timing Information Task
INFO: [Timing 38-35] Done setting XDC timing constraints.
Ending Cache Timing Information Task | Checksum: 1e24ec343

Time (s): cpu = 00:00:08 ; elapsed = 00:00:09 . Memory (MB): peak = 1333.109 ; gain = 308.715

Starting Logic Optimization Task

Phase 1 Retarget
INFO: [Opt 31-138] Pushed 0 inverter(s) to 0 load pin(s).
INFO: [Opt 31-49] Retargeted 0 cell(s).
Phase 1 Retarget | Checksum: 1e24ec343

Time (s): cpu = 00:00:01 ; elapsed = 00:00:00.206 . Memory (MB): peak = 1538.059 ; gain = 0.000
INFO: [Opt 31-389] Phase Retarget created 0 cells and removed 0 cells

Phase 2 Constant propagation
INFO: [Opt 31-138] Pushed 0 inverter(s) to 0 load pin(s).
Phase 2 Constant propagation | Checksum: 1e24ec343

Time (s): cpu = 00:00:01 ; elapsed = 00:00:00.251 . Memory (MB): peak = 1538.059 ; gain = 0.000
INFO: [Opt 31-389] Phase Constant propagation created 0 cells and removed 0 cells

Phase 3 Sweep
Phase 3 Sweep | Checksum: fdb92b34

Time (s): cpu = 00:00:01 ; elapsed = 00:00:00.443 . Memory (MB): peak = 1538.059 ; gain = 0.000
INFO: [Opt 31-389] Phase Sweep created 0 cells and removed 224 cells

Phase 4 BUFG optimization
Phase 4 BUFG optimization | Checksum: fdb92b34

Time (s): cpu = 00:00:01 ; elapsed = 00:00:00.586 . Memory (MB): peak = 1538.059 ; gain = 0.000
INFO: [Opt 31-662] Phase BUFG optimization created 0 cells of which 0 are BUFGs and removed 0 cells.

Phase 5 Shift Register Optimization
INFO: [Opt 31-1064] SRL Remap converted 0 SRLs to 0 registers and converted 0 registers of register chains to 0 SRLs
Phase 5 Shift Register Optimization | Checksum: fdb92b34

Time (s): cpu = 00:00:01 ; elapsed = 00:00:00.641 . Memory (MB): peak = 1538.059 ; gain = 0.000
INFO: [Opt 31-389] Phase Shift Register Optimization created 0 cells and removed 0 cells

Phase 6 Post Processing Netlist
Phase 6 Post Processing Netlist | Checksum: fdb92b34

Time (s): cpu = 00:00:01 ; elapsed = 00:00:00.655 . Memory (MB): peak = 1538.059 ; gain = 0.000
INFO: [Opt 31-389] Phase Post Processing Netlist created 0 cells and removed 0 cells
Opt_design Change Summary
=========================


-------------------------------------------------------------------------------------------------------------------------
|  Phase                        |  #Cells created  |  #Cells Removed  |  #Constrained objects preventing optimizations  |
-------------------------------------------------------------------------------------------------------------------------
|  Retarget                     |               0  |               0  |                                              0  |
|  Constant propagation         |               0  |               0  |                                              0  |
|  Sweep                        |               0  |             224  |                                              0  |
|  BUFG optimization            |               0  |               0  |                                              0  |
|  Shift Register Optimization  |               0  |               0  |                                              0  |
|  Post Processing Netlist      |               0  |               0  |                                              0  |
-------------------------------------------------------------------------------------------------------------------------



Starting Connectivity Check Task

Time (s): cpu = 00:00:00 ; elapsed = 00:00:00.006 . Memory (MB): peak = 1538.059 ; gain = 0.000
Ending Logic Optimization Task | Checksum: 18579f339

Time (s): cpu = 00:00:01 ; elapsed = 00:00:00.779 . Memory (MB): peak = 1538.059 ; gain = 0.000

Starting Power Optimization Task
INFO: [Pwropt 34-132] Skipping clock gating for clocks with a period < 2.00 ns.
INFO: [Timing 38-35] Done setting XDC timing constraints.
INFO: [Pwropt 34-9] Applying IDT optimizations ...
INFO: [Pwropt 34-10] Applying ODC optimizations ...
Running Vector-less Activity Propagation...

Finished Running Vector-less Activity Propagation


Starting PowerOpt Patch Enables Task
INFO: [Pwropt 34-162] WRITE_MODE attribute of 0 BRAM(s) out of a total of 16 has been updated to save power. Run report_power_opt to get a complete listing of the BRAMs updated.
INFO: [Pwropt 34-201] Structural ODC has moved 0 WE to EN ports
Number of BRAM Ports augmented: 0 newly gated: 0 Total Ports: 32
Ending PowerOpt Patch Enables Task | Checksum: 18579f339

Time (s): cpu = 00:00:00 ; elapsed = 00:00:00.077 . Memory (MB): peak = 1626.875 ; gain = 0.000
Ending Power Optimization Task | Checksum: 18579f339

Time (s): cpu = 00:00:04 ; elapsed = 00:00:02 . Memory (MB): peak = 1626.875 ; gain = 88.816

Starting Final Cleanup Task
Ending Final Cleanup Task | Checksum: 18579f339

Time (s): cpu = 00:00:00 ; elapsed = 00:00:00 . Memory (MB): peak = 1626.875 ; gain = 0.000

Starting Netlist Obfuscation Task
Netlist sorting complete. Time (s): cpu = 00:00:00 ; elapsed = 00:00:00.001 . Memory (MB): peak = 1626.875 ; gain = 0.000
Ending Netlist Obfuscation Task | Checksum: 18579f339

Time (s): cpu = 00:00:00 ; elapsed = 00:00:00.001 . Memory (MB): peak = 1626.875 ; gain = 0.000
INFO: [Common 17-83] Releasing license: Implementation
29 Infos, 0 Warnings, 0 Critical Warnings and 0 Errors encountered.
opt_design completed successfully
opt_design: Time (s): cpu = 00:00:17 ; elapsed = 00:00:15 . Memory (MB): peak = 1626.875 ; gain = 602.480
INFO: [Timing 38-480] Writing timing data to binary archive.
Writing placer database...
Writing XDEF routing.
Writing XDEF routing logical nets.
Writing XDEF routing special nets.
Write XDEF Complete: Time (s): cpu = 00:00:00 ; elapsed = 00:00:00.032 . Memory (MB): peak = 1626.875 ; gain = 0.000
INFO: [Common 17-1381] The checkpoint 'E:/INFOTECH/First Semester/Digital system design/Xilinx/project_1/project_1.runs/impl_1/bft_opt.dcp' has been generated.
INFO: [runtcl-4] Executing : report_drc -file bft_drc_opted.rpt -pb bft_drc_opted.pb -rpx bft_drc_opted.rpx
Command: report_drc -file bft_drc_opted.rpt -pb bft_drc_opted.pb -rpx bft_drc_opted.rpx
INFO: [IP_Flow 19-234] Refreshing IP repositories
INFO: [IP_Flow 19-1704] No user IP repositories specified
INFO: [IP_Flow 19-2313] Loaded Vivado IP repository 'D:/Xilinx/Vivado/2020.1/data/ip'.
INFO: [DRC 23-27] Running DRC with 2 threads
INFO: [Coretcl 2-168] The results of DRC are in file E:/INFOTECH/First Semester/Digital system design/Xilinx/project_1/project_1.runs/impl_1/bft_drc_opted.rpt.
report_drc completed successfully
Command: place_design
Attempting to get a license for feature 'Implementation' and/or device 'xc7k70t'
INFO: [Common 17-349] Got license for feature 'Implementation' and/or device 'xc7k70t'
INFO: [DRC 23-27] Running DRC with 2 threads
INFO: [Vivado_Tcl 4-198] DRC finished with 0 Errors
INFO: [Vivado_Tcl 4-199] Please refer to the DRC report (report_drc) for more information.
Running DRC as a precondition to command place_design
INFO: [DRC 23-27] Running DRC with 2 threads
WARNING: [DRC CHECK-3] Report rule limit reached: REQP-1839 rule limit reached: 20 violations have been found.
WARNING: [DRC REQP-1839] RAMB36 async control check: The RAMB36E1 egressLoop[0].egressFifo/buffer_fifo/infer_fifo.block_ram_performance.fifo_ram_reg has an input control pin egressLoop[0].egressFifo/buffer_fifo/infer_fifo.block_ram_performance.fifo_ram_reg/ADDRARDADDR[10] (net: egressLoop[0].egressFifo/buffer_fifo/infer_fifo.wr_addr[5]) which is driven by a register (egressLoop[0].egressFifo/buffer_fifo/infer_fifo.wr_addr_reg[5]) that has an active asychronous set or reset. This may cause corruption of the memory contents and/or read values when the set/reset is asserted and is not analyzed by the default static timing analysis. It is suggested to eliminate the use of a set/reset to registers driving this RAMB pin or else use a synchronous reset in which the assertion of the reset is timed by default.
WARNING: [DRC REQP-1839] RAMB36 async control check: The RAMB36E1 egressLoop[0].egressFifo/buffer_fifo/infer_fifo.block_ram_performance.fifo_ram_reg has an input control pin egressLoop[0].egressFifo/buffer_fifo/infer_fifo.block_ram_performance.fifo_ram_reg/ADDRARDADDR[11] (net: egressLoop[0].egressFifo/buffer_fifo/infer_fifo.wr_addr[6]) which is driven by a register (egressLoop[0].egressFifo/buffer_fifo/infer_fifo.wr_addr_reg[6]) that has an active asychronous set or reset. This may cause corruption of the memory contents and/or read values when the set/reset is asserted and is not analyzed by the default static timing analysis. It is suggested to eliminate the use of a set/reset to registers driving this RAMB pin or else use a synchronous reset in which the assertion of the reset is timed by default.
WARNING: [DRC REQP-1839] RAMB36 async control check: The RAMB36E1 egressLoop[0].egressFifo/buffer_fifo/infer_fifo.block_ram_performance.fifo_ram_reg has an input control pin egressLoop[0].egressFifo/buffer_fifo/infer_fifo.block_ram_performance.fifo_ram_reg/ADDRARDADDR[12] (net: egressLoop[0].egressFifo/buffer_fifo/infer_fifo.wr_addr[7]) which is driven by a register (egressLoop[0].egressFifo/buffer_fifo/infer_fifo.wr_addr_reg[7]) that has an active asychronous set or reset. This may cause corruption of the memory contents and/or read values when the set/reset is asserted and is not analyzed by the default static timing analysis. It is suggested to eliminate the use of a set/reset to registers driving this RAMB pin or else use a synchronous reset in which the assertion of the reset is timed by default.
WARNING: [DRC REQP-1839] RAMB36 async control check: The RAMB36E1 egressLoop[0].egressFifo/buffer_fifo/infer_fifo.block_ram_performance.fifo_ram_reg has an input control pin egressLoop[0].egressFifo/buffer_fifo/infer_fifo.block_ram_performance.fifo_ram_reg/ADDRARDADDR[13] (net: egressLoop[0].egressFifo/buffer_fifo/infer_fifo.wr_addr[8]) which is driven by a register (egressLoop[0].egressFifo/buffer_fifo/infer_fifo.wr_addr_reg[8]) that has an active asychronous set or reset. This may cause corruption of the memory contents and/or read values when the set/reset is asserted and is not analyzed by the default static timing analysis. It is suggested to eliminate the use of a set/reset to registers driving this RAMB pin or else use a synchronous reset in which the assertion of the reset is timed by default.
WARNING: [DRC REQP-1839] RAMB36 async control check: The RAMB36E1 egressLoop[0].egressFifo/buffer_fifo/infer_fifo.block_ram_performance.fifo_ram_reg has an input control pin egressLoop[0].egressFifo/buffer_fifo/infer_fifo.block_ram_performance.fifo_ram_reg/ADDRARDADDR[14] (net: egressLoop[0].egressFifo/buffer_fifo/infer_fifo.wr_addr[9]) which is driven by a register (egressLoop[0].egressFifo/buffer_fifo/infer_fifo.wr_addr_reg[9]) that has an active asychronous set or reset. This may cause corruption of the memory contents and/or read values when the set/reset is asserted and is not analyzed by the default static timing analysis. It is suggested to eliminate the use of a set/reset to registers driving this RAMB pin or else use a synchronous reset in which the assertion of the reset is timed by default.
WARNING: [DRC REQP-1839] RAMB36 async control check: The RAMB36E1 egressLoop[0].egressFifo/buffer_fifo/infer_fifo.block_ram_performance.fifo_ram_reg has an input control pin egressLoop[0].egressFifo/buffer_fifo/infer_fifo.block_ram_performance.fifo_ram_reg/ADDRARDADDR[5] (net: egressLoop[0].egressFifo/buffer_fifo/infer_fifo.wr_addr[0]) which is driven by a register (egressLoop[0].egressFifo/buffer_fifo/infer_fifo.wr_addr_reg[0]) that has an active asychronous set or reset. This may cause corruption of the memory contents and/or read values when the set/reset is asserted and is not analyzed by the default static timing analysis. It is suggested to eliminate the use of a set/reset to registers driving this RAMB pin or else use a synchronous reset in which the assertion of the reset is timed by default.
WARNING: [DRC REQP-1839] RAMB36 async control check: The RAMB36E1 egressLoop[0].egressFifo/buffer_fifo/infer_fifo.block_ram_performance.fifo_ram_reg has an input control pin egressLoop[0].egressFifo/buffer_fifo/infer_fifo.block_ram_performance.fifo_ram_reg/ADDRARDADDR[6] (net: egressLoop[0].egressFifo/buffer_fifo/infer_fifo.wr_addr[1]) which is driven by a register (egressLoop[0].egressFifo/buffer_fifo/infer_fifo.wr_addr_reg[1]) that has an active asychronous set or reset. This may cause corruption of the memory contents and/or read values when the set/reset is asserted and is not analyzed by the default static timing analysis. It is suggested to eliminate the use of a set/reset to registers driving this RAMB pin or else use a synchronous reset in which the assertion of the reset is timed by default.
WARNING: [DRC REQP-1839] RAMB36 async control check: The RAMB36E1 egressLoop[0].egressFifo/buffer_fifo/infer_fifo.block_ram_performance.fifo_ram_reg has an input control pin egressLoop[0].egressFifo/buffer_fifo/infer_fifo.block_ram_performance.fifo_ram_reg/ADDRARDADDR[7] (net: egressLoop[0].egressFifo/buffer_fifo/infer_fifo.wr_addr[2]) which is driven by a register (egressLoop[0].egressFifo/buffer_fifo/infer_fifo.wr_addr_reg[2]) that has an active asychronous set or reset. This may cause corruption of the memory contents and/or read values when the set/reset is asserted and is not analyzed by the default static timing analysis. It is suggested to eliminate the use of a set/reset to registers driving this RAMB pin or else use a synchronous reset in which the assertion of the reset is timed by default.
WARNING: [DRC REQP-1839] RAMB36 async control check: The RAMB36E1 egressLoop[0].egressFifo/buffer_fifo/infer_fifo.block_ram_performance.fifo_ram_reg has an input control pin egressLoop[0].egressFifo/buffer_fifo/infer_fifo.block_ram_performance.fifo_ram_reg/ADDRARDADDR[8] (net: egressLoop[0].egressFifo/buffer_fifo/infer_fifo.wr_addr[3]) which is driven by a register (egressLoop[0].egressFifo/buffer_fifo/infer_fifo.wr_addr_reg[3]) that has an active asychronous set or reset. This may cause corruption of the memory contents and/or read values when the set/reset is asserted and is not analyzed by the default static timing analysis. It is suggested to eliminate the use of a set/reset to registers driving this RAMB pin or else use a synchronous reset in which the assertion of the reset is timed by default.
WARNING: [DRC REQP-1839] RAMB36 async control check: The RAMB36E1 egressLoop[0].egressFifo/buffer_fifo/infer_fifo.block_ram_performance.fifo_ram_reg has an input control pin egressLoop[0].egressFifo/buffer_fifo/infer_fifo.block_ram_performance.fifo_ram_reg/ADDRARDADDR[9] (net: egressLoop[0].egressFifo/buffer_fifo/infer_fifo.wr_addr[4]) which is driven by a register (egressLoop[0].egressFifo/buffer_fifo/infer_fifo.wr_addr_reg[4]) that has an active asychronous set or reset. This may cause corruption of the memory contents and/or read values when the set/reset is asserted and is not analyzed by the default static timing analysis. It is suggested to eliminate the use of a set/reset to registers driving this RAMB pin or else use a synchronous reset in which the assertion of the reset is timed by default.
WARNING: [DRC REQP-1839] RAMB36 async control check: The RAMB36E1 egressLoop[0].egressFifo/buffer_fifo/infer_fifo.block_ram_performance.fifo_ram_reg has an input control pin egressLoop[0].egressFifo/buffer_fifo/infer_fifo.block_ram_performance.fifo_ram_reg/ADDRBWRADDR[10] (net: egressLoop[0].egressFifo/buffer_fifo/infer_fifo.rd_addr[5]) which is driven by a register (egressLoop[0].egressFifo/buffer_fifo/infer_fifo.rd_addr_reg[5]) that has an active asychronous set or reset. This may cause corruption of the memory contents and/or read values when the set/reset is asserted and is not analyzed by the default static timing analysis. It is suggested to eliminate the use of a set/reset to registers driving this RAMB pin or else use a synchronous reset in which the assertion of the reset is timed by default.
WARNING: [DRC REQP-1839] RAMB36 async control check: The RAMB36E1 egressLoop[0].egressFifo/buffer_fifo/infer_fifo.block_ram_performance.fifo_ram_reg has an input control pin egressLoop[0].egressFifo/buffer_fifo/infer_fifo.block_ram_performance.fifo_ram_reg/ADDRBWRADDR[11] (net: egressLoop[0].egressFifo/buffer_fifo/infer_fifo.rd_addr[6]) which is driven by a register (egressLoop[0].egressFifo/buffer_fifo/infer_fifo.rd_addr_reg[6]) that has an active asychronous set or reset. This may cause corruption of the memory contents and/or read values when the set/reset is asserted and is not analyzed by the default static timing analysis. It is suggested to eliminate the use of a set/reset to registers driving this RAMB pin or else use a synchronous reset in which the assertion of the reset is timed by default.
WARNING: [DRC REQP-1839] RAMB36 async control check: The RAMB36E1 egressLoop[0].egressFifo/buffer_fifo/infer_fifo.block_ram_performance.fifo_ram_reg has an input control pin egressLoop[0].egressFifo/buffer_fifo/infer_fifo.block_ram_performance.fifo_ram_reg/ADDRBWRADDR[12] (net: egressLoop[0].egressFifo/buffer_fifo/infer_fifo.rd_addr[7]) which is driven by a register (egressLoop[0].egressFifo/buffer_fifo/infer_fifo.rd_addr_reg[7]) that has an active asychronous set or reset. This may cause corruption of the memory contents and/or read values when the set/reset is asserted and is not analyzed by the default static timing analysis. It is suggested to eliminate the use of a set/reset to registers driving this RAMB pin or else use a synchronous reset in which the assertion of the reset is timed by default.
WARNING: [DRC REQP-1839] RAMB36 async control check: The RAMB36E1 egressLoop[0].egressFifo/buffer_fifo/infer_fifo.block_ram_performance.fifo_ram_reg has an input control pin egressLoop[0].egressFifo/buffer_fifo/infer_fifo.block_ram_performance.fifo_ram_reg/ADDRBWRADDR[13] (net: egressLoop[0].egressFifo/buffer_fifo/infer_fifo.rd_addr[8]) which is driven by a register (egressLoop[0].egressFifo/buffer_fifo/infer_fifo.rd_addr_reg[8]) that has an active asychronous set or reset. This may cause corruption of the memory contents and/or read values when the set/reset is asserted and is not analyzed by the default static timing analysis. It is suggested to eliminate the use of a set/reset to registers driving this RAMB pin or else use a synchronous reset in which the assertion of the reset is timed by default.
WARNING: [DRC REQP-1839] RAMB36 async control check: The RAMB36E1 egressLoop[0].egressFifo/buffer_fifo/infer_fifo.block_ram_performance.fifo_ram_reg has an input control pin egressLoop[0].egressFifo/buffer_fifo/infer_fifo.block_ram_performance.fifo_ram_reg/ADDRBWRADDR[14] (net: egressLoop[0].egressFifo/buffer_fifo/infer_fifo.rd_addr[9]) which is driven by a register (egressLoop[0].egressFifo/buffer_fifo/infer_fifo.rd_addr_reg[9]) that has an active asychronous set or reset. This may cause corruption of the memory contents and/or read values when the set/reset is asserted and is not analyzed by the default static timing analysis. It is suggested to eliminate the use of a set/reset to registers driving this RAMB pin or else use a synchronous reset in which the assertion of the reset is timed by default.
WARNING: [DRC REQP-1839] RAMB36 async control check: The RAMB36E1 egressLoop[0].egressFifo/buffer_fifo/infer_fifo.block_ram_performance.fifo_ram_reg has an input control pin egressLoop[0].egressFifo/buffer_fifo/infer_fifo.block_ram_performance.fifo_ram_reg/ADDRBWRADDR[5] (net: egressLoop[0].egressFifo/buffer_fifo/infer_fifo.rd_addr[0]) which is driven by a register (egressLoop[0].egressFifo/buffer_fifo/infer_fifo.rd_addr_reg[0]) that has an active asychronous set or reset. This may cause corruption of the memory contents and/or read values when the set/reset is asserted and is not analyzed by the default static timing analysis. It is suggested to eliminate the use of a set/reset to registers driving this RAMB pin or else use a synchronous reset in which the assertion of the reset is timed by default.
WARNING: [DRC REQP-1839] RAMB36 async control check: The RAMB36E1 egressLoop[0].egressFifo/buffer_fifo/infer_fifo.block_ram_performance.fifo_ram_reg has an input control pin egressLoop[0].egressFifo/buffer_fifo/infer_fifo.block_ram_performance.fifo_ram_reg/ADDRBWRADDR[6] (net: egressLoop[0].egressFifo/buffer_fifo/infer_fifo.rd_addr[1]) which is driven by a register (egressLoop[0].egressFifo/buffer_fifo/infer_fifo.rd_addr_reg[1]) that has an active asychronous set or reset. This may cause corruption of the memory contents and/or read values when the set/reset is asserted and is not analyzed by the default static timing analysis. It is suggested to eliminate the use of a set/reset to registers driving this RAMB pin or else use a synchronous reset in which the assertion of the reset is timed by default.
WARNING: [DRC REQP-1839] RAMB36 async control check: The RAMB36E1 egressLoop[0].egressFifo/buffer_fifo/infer_fifo.block_ram_performance.fifo_ram_reg has an input control pin egressLoop[0].egressFifo/buffer_fifo/infer_fifo.block_ram_performance.fifo_ram_reg/ADDRBWRADDR[7] (net: egressLoop[0].egressFifo/buffer_fifo/infer_fifo.rd_addr[2]) which is driven by a register (egressLoop[0].egressFifo/buffer_fifo/infer_fifo.rd_addr_reg[2]) that has an active asychronous set or reset. This may cause corruption of the memory contents and/or read values when the set/reset is asserted and is not analyzed by the default static timing analysis. It is suggested to eliminate the use of a set/reset to registers driving this RAMB pin or else use a synchronous reset in which the assertion of the reset is timed by default.
WARNING: [DRC REQP-1839] RAMB36 async control check: The RAMB36E1 egressLoop[0].egressFifo/buffer_fifo/infer_fifo.block_ram_performance.fifo_ram_reg has an input control pin egressLoop[0].egressFifo/buffer_fifo/infer_fifo.block_ram_performance.fifo_ram_reg/ADDRBWRADDR[8] (net: egressLoop[0].egressFifo/buffer_fifo/infer_fifo.rd_addr[3]) which is driven by a register (egressLoop[0].egressFifo/buffer_fifo/infer_fifo.rd_addr_reg[3]) that has an active asychronous set or reset. This may cause corruption of the memory contents and/or read values when the set/reset is asserted and is not analyzed by the default static timing analysis. It is suggested to eliminate the use of a set/reset to registers driving this RAMB pin or else use a synchronous reset in which the assertion of the reset is timed by default.
WARNING: [DRC REQP-1839] RAMB36 async control check: The RAMB36E1 egressLoop[0].egressFifo/buffer_fifo/infer_fifo.block_ram_performance.fifo_ram_reg has an input control pin egressLoop[0].egressFifo/buffer_fifo/infer_fifo.block_ram_performance.fifo_ram_reg/ADDRBWRADDR[9] (net: egressLoop[0].egressFifo/buffer_fifo/infer_fifo.rd_addr[4]) which is driven by a register (egressLoop[0].egressFifo/buffer_fifo/infer_fifo.rd_addr_reg[4]) that has an active asychronous set or reset. This may cause corruption of the memory contents and/or read values when the set/reset is asserted and is not analyzed by the default static timing analysis. It is suggested to eliminate the use of a set/reset to registers driving this RAMB pin or else use a synchronous reset in which the assertion of the reset is timed by default.
INFO: [Vivado_Tcl 4-198] DRC finished with 0 Errors, 21 Warnings
INFO: [Vivado_Tcl 4-199] Please refer to the DRC report (report_drc) for more information.

Starting Placer Task
INFO: [Place 30-611] Multithreading enabled for place_design using a maximum of 2 CPUs

Phase 1 Placer Initialization

Phase 1.1 Placer Initialization Netlist Sorting
Netlist sorting complete. Time (s): cpu = 00:00:00 ; elapsed = 00:00:00.001 . Memory (MB): peak = 1626.875 ; gain = 0.000
Phase 1.1 Placer Initialization Netlist Sorting | Checksum: 17e332467

Time (s): cpu = 00:00:00 ; elapsed = 00:00:00.019 . Memory (MB): peak = 1626.875 ; gain = 0.000
Netlist sorting complete. Time (s): cpu = 00:00:00 ; elapsed = 00:00:00.001 . Memory (MB): peak = 1626.875 ; gain = 0.000

Phase 1.2 IO Placement/ Clock Placement/ Build Placer Device
INFO: [Timing 38-35] Done setting XDC timing constraints.
Phase 1.2 IO Placement/ Clock Placement/ Build Placer Device | Checksum: 6874dcae

Time (s): cpu = 00:00:03 ; elapsed = 00:00:02 . Memory (MB): peak = 1626.875 ; gain = 0.000

Phase 1.3 Build Placer Netlist Model
Phase 1.3 Build Placer Netlist Model | Checksum: 1307a2b21

Time (s): cpu = 00:00:04 ; elapsed = 00:00:03 . Memory (MB): peak = 1626.875 ; gain = 0.000

Phase 1.4 Constrain Clocks/Macros
Phase 1.4 Constrain Clocks/Macros | Checksum: 1307a2b21

Time (s): cpu = 00:00:04 ; elapsed = 00:00:03 . Memory (MB): peak = 1626.875 ; gain = 0.000
Phase 1 Placer Initialization | Checksum: 1307a2b21

Time (s): cpu = 00:00:04 ; elapsed = 00:00:03 . Memory (MB): peak = 1626.875 ; gain = 0.000

Phase 2 Global Placement

Phase 2.1 Floorplanning
Phase 2.1 Floorplanning | Checksum: 122fe5555

Time (s): cpu = 00:00:04 ; elapsed = 00:00:03 . Memory (MB): peak = 1626.875 ; gain = 0.000

Phase 2.2 Global Placement Core

Phase 2.2.1 Physical Synthesis In Placer
INFO: [Physopt 32-1035] Found 0 LUTNM shape to break, 75 LUT instances to create LUTNM shape
INFO: [Physopt 32-1044] Break lutnm for timing: one critical 0, two critical 0, total 0, new lutff created 0
INFO: [Physopt 32-775] End 1 Pass. Optimized 33 nets or cells. Created 0 new cell, deleted 33 existing cells and moved 0 existing cell
INFO: [Physopt 32-65] No nets found for high-fanout optimization.
INFO: [Physopt 32-232] Optimized 0 net. Created 0 new instance.
INFO: [Physopt 32-775] End 1 Pass. Optimized 0 net or cell. Created 0 new cell, deleted 0 existing cell and moved 0 existing cell
INFO: [Physopt 32-670] No setup violation found.  DSP Register Optimization was not performed.
INFO: [Physopt 32-670] No setup violation found.  Shift Register to Pipeline Optimization was not performed.
INFO: [Physopt 32-670] No setup violation found.  Shift Register Optimization was not performed.
INFO: [Physopt 32-670] No setup violation found.  BRAM Register Optimization was not performed.
INFO: [Physopt 32-670] No setup violation found.  URAM Register Optimization was not performed.
INFO: [Physopt 32-949] No candidate nets found for HD net replication
INFO: [Physopt 32-775] End 1 Pass. Optimized 0 net or cell. Created 0 new cell, deleted 0 existing cell and moved 0 existing cell
Netlist sorting complete. Time (s): cpu = 00:00:00 ; elapsed = 00:00:00.001 . Memory (MB): peak = 1626.875 ; gain = 0.000

Summary of Physical Synthesis Optimizations
============================================


-----------------------------------------------------------------------------------------------------------------------------------------------------------
|  Optimization                                     |  Added Cells  |  Removed Cells  |  Optimized Cells/Nets  |  Dont Touch  |  Iterations  |  Elapsed   |
-----------------------------------------------------------------------------------------------------------------------------------------------------------
|  LUT Combining                                    |            0  |             33  |                    33  |           0  |           1  |  00:00:00  |
|  Very High Fanout                                 |            0  |              0  |                     0  |           0  |           1  |  00:00:00  |
|  DSP Register                                     |            0  |              0  |                     0  |           0  |           0  |  00:00:00  |
|  Shift Register to Pipeline                       |            0  |              0  |                     0  |           0  |           0  |  00:00:00  |
|  Shift Register                                   |            0  |              0  |                     0  |           0  |           0  |  00:00:00  |
|  BRAM Register                                    |            0  |              0  |                     0  |           0  |           0  |  00:00:00  |
|  URAM Register                                    |            0  |              0  |                     0  |           0  |           0  |  00:00:00  |
|  Dynamic/Static Region Interface Net Replication  |            0  |              0  |                     0  |           0  |           1  |  00:00:00  |
|  Total                                            |            0  |             33  |                    33  |           0  |           3  |  00:00:00  |
-----------------------------------------------------------------------------------------------------------------------------------------------------------


Phase 2.2.1 Physical Synthesis In Placer | Checksum: 167133690

Time (s): cpu = 00:00:09 ; elapsed = 00:00:06 . Memory (MB): peak = 1626.875 ; gain = 0.000
Phase 2.2 Global Placement Core | Checksum: 1019e6cff

Time (s): cpu = 00:00:10 ; elapsed = 00:00:06 . Memory (MB): peak = 1626.875 ; gain = 0.000
Phase 2 Global Placement | Checksum: 1019e6cff

Time (s): cpu = 00:00:10 ; elapsed = 00:00:06 . Memory (MB): peak = 1626.875 ; gain = 0.000

Phase 3 Detail Placement

Phase 3.1 Commit Multi Column Macros
Phase 3.1 Commit Multi Column Macros | Checksum: d32eb1d6

Time (s): cpu = 00:00:10 ; elapsed = 00:00:06 . Memory (MB): peak = 1626.875 ; gain = 0.000

Phase 3.2 Commit Most Macros & LUTRAMs
Phase 3.2 Commit Most Macros & LUTRAMs | Checksum: 1705e8429

Time (s): cpu = 00:00:11 ; elapsed = 00:00:07 . Memory (MB): peak = 1626.875 ; gain = 0.000

Phase 3.3 Area Swap Optimization
Phase 3.3 Area Swap Optimization | Checksum: 18bc20328

Time (s): cpu = 00:00:11 ; elapsed = 00:00:07 . Memory (MB): peak = 1626.875 ; gain = 0.000

Phase 3.4 Pipeline Register Optimization
Phase 3.4 Pipeline Register Optimization | Checksum: b21ab331

Time (s): cpu = 00:00:11 ; elapsed = 00:00:07 . Memory (MB): peak = 1626.875 ; gain = 0.000

Phase 3.5 Small Shape Detail Placement
Phase 3.5 Small Shape Detail Placement | Checksum: c44d70b5

Time (s): cpu = 00:00:12 ; elapsed = 00:00:08 . Memory (MB): peak = 1626.875 ; gain = 0.000

Phase 3.6 Re-assign LUT pins
Phase 3.6 Re-assign LUT pins | Checksum: c2b29b7a

Time (s): cpu = 00:00:12 ; elapsed = 00:00:08 . Memory (MB): peak = 1626.875 ; gain = 0.000

Phase 3.7 Pipeline Register Optimization
Phase 3.7 Pipeline Register Optimization | Checksum: 143cea095

Time (s): cpu = 00:00:12 ; elapsed = 00:00:08 . Memory (MB): peak = 1626.875 ; gain = 0.000
Phase 3 Detail Placement | Checksum: 143cea095

Time (s): cpu = 00:00:12 ; elapsed = 00:00:08 . Memory (MB): peak = 1626.875 ; gain = 0.000

Phase 4 Post Placement Optimization and Clean-Up

Phase 4.1 Post Commit Optimization
INFO: [Timing 38-35] Done setting XDC timing constraints.

Phase 4.1.1 Post Placement Optimization
Post Placement Optimization Initialization | Checksum: 128a230b9

Phase 4.1.1.1 BUFG Insertion

Starting Physical Synthesis Task

Phase 1 Physical Synthesis Initialization
INFO: [Physopt 32-721] Multithreading enabled for phys_opt_design using a maximum of 2 CPUs
INFO: [Physopt 32-619] Estimated Timing Summary | WNS=2.040 | TNS=0.000 |
Phase 1 Physical Synthesis Initialization | Checksum: bdfcc813

Time (s): cpu = 00:00:00 ; elapsed = 00:00:00.123 . Memory (MB): peak = 1626.875 ; gain = 0.000
INFO: [Place 46-56] BUFG insertion identified 0 candidate nets. Inserted BUFG: 0, Replicated BUFG Driver: 0, Skipped due to Placement/Routing Conflicts: 0, Skipped due to Timing Degradation: 0, Skipped due to Illegal Netlist: 0.
Ending Physical Synthesis Task | Checksum: f6cd37d6

Time (s): cpu = 00:00:00 ; elapsed = 00:00:00.135 . Memory (MB): peak = 1626.875 ; gain = 0.000
Phase 4.1.1.1 BUFG Insertion | Checksum: 128a230b9

Time (s): cpu = 00:00:14 ; elapsed = 00:00:09 . Memory (MB): peak = 1626.875 ; gain = 0.000
INFO: [Place 30-746] Post Placement Timing Summary WNS=2.040. For the most accurate timing information please run report_timing.
Phase 4.1.1 Post Placement Optimization | Checksum: 11b9c652f

Time (s): cpu = 00:00:14 ; elapsed = 00:00:09 . Memory (MB): peak = 1626.875 ; gain = 0.000
Phase 4.1 Post Commit Optimization | Checksum: 11b9c652f

Time (s): cpu = 00:00:14 ; elapsed = 00:00:09 . Memory (MB): peak = 1626.875 ; gain = 0.000

Phase 4.2 Post Placement Cleanup
Phase 4.2 Post Placement Cleanup | Checksum: 11b9c652f

Time (s): cpu = 00:00:14 ; elapsed = 00:00:09 . Memory (MB): peak = 1626.875 ; gain = 0.000

Phase 4.3 Placer Reporting
Phase 4.3 Placer Reporting | Checksum: 11b9c652f

Time (s): cpu = 00:00:14 ; elapsed = 00:00:09 . Memory (MB): peak = 1626.875 ; gain = 0.000

Phase 4.4 Final Placement Cleanup
Netlist sorting complete. Time (s): cpu = 00:00:00 ; elapsed = 00:00:00.001 . Memory (MB): peak = 1626.875 ; gain = 0.000
Phase 4.4 Final Placement Cleanup | Checksum: c9795d2e

Time (s): cpu = 00:00:14 ; elapsed = 00:00:09 . Memory (MB): peak = 1626.875 ; gain = 0.000
Phase 4 Post Placement Optimization and Clean-Up | Checksum: c9795d2e

Time (s): cpu = 00:00:14 ; elapsed = 00:00:09 . Memory (MB): peak = 1626.875 ; gain = 0.000
Ending Placer Task | Checksum: 9d636103

Time (s): cpu = 00:00:14 ; elapsed = 00:00:09 . Memory (MB): peak = 1626.875 ; gain = 0.000
INFO: [Common 17-83] Releasing license: Implementation
65 Infos, 21 Warnings, 0 Critical Warnings and 0 Errors encountered.
place_design completed successfully
place_design: Time (s): cpu = 00:00:16 ; elapsed = 00:00:11 . Memory (MB): peak = 1626.875 ; gain = 0.000
INFO: [Timing 38-480] Writing timing data to binary archive.
Writing placer database...
Writing XDEF routing.
Writing XDEF routing logical nets.
Writing XDEF routing special nets.
Write XDEF Complete: Time (s): cpu = 00:00:01 ; elapsed = 00:00:00.282 . Memory (MB): peak = 1626.875 ; gain = 0.000
INFO: [Common 17-1381] The checkpoint 'E:/INFOTECH/First Semester/Digital system design/Xilinx/project_1/project_1.runs/impl_1/bft_placed.dcp' has been generated.
INFO: [runtcl-4] Executing : report_io -file bft_io_placed.rpt
report_io: Time (s): cpu = 00:00:00 ; elapsed = 00:00:00.080 . Memory (MB): peak = 1626.875 ; gain = 0.000
INFO: [runtcl-4] Executing : report_utilization -file bft_utilization_placed.rpt -pb bft_utilization_placed.pb
INFO: [runtcl-4] Executing : report_control_sets -verbose -file bft_control_sets_placed.rpt
report_control_sets: Time (s): cpu = 00:00:00 ; elapsed = 00:00:00.010 . Memory (MB): peak = 1626.875 ; gain = 0.000
Command: phys_opt_design
Attempting to get a license for feature 'Implementation' and/or device 'xc7k70t'
INFO: [Common 17-349] Got license for feature 'Implementation' and/or device 'xc7k70t'
INFO: [Vivado_Tcl 4-383] Design worst setup slack (WNS) is greater than or equal to 0.000 ns. Skipping all physical synthesis optimizations.
INFO: [Vivado_Tcl 4-232] No setup violation found. The netlist was not modified.
INFO: [Common 17-83] Releasing license: Implementation
74 Infos, 21 Warnings, 0 Critical Warnings and 0 Errors encountered.
phys_opt_design completed successfully
INFO: [Timing 38-480] Writing timing data to binary archive.
Writing placer database...
Writing XDEF routing.
Writing XDEF routing logical nets.
Writing XDEF routing special nets.
Write XDEF Complete: Time (s): cpu = 00:00:01 ; elapsed = 00:00:00.290 . Memory (MB): peak = 1626.875 ; gain = 0.000
INFO: [Common 17-1381] The checkpoint 'E:/INFOTECH/First Semester/Digital system design/Xilinx/project_1/project_1.runs/impl_1/bft_physopt.dcp' has been generated.
Command: route_design
Attempting to get a license for feature 'Implementation' and/or device 'xc7k70t'
INFO: [Common 17-349] Got license for feature 'Implementation' and/or device 'xc7k70t'
Running DRC as a precondition to command route_design
INFO: [DRC 23-27] Running DRC with 2 threads
INFO: [Vivado_Tcl 4-198] DRC finished with 0 Errors
INFO: [Vivado_Tcl 4-199] Please refer to the DRC report (report_drc) for more information.


Starting Routing Task
INFO: [Route 35-254] Multithreading enabled for route_design using a maximum of 2 CPUs
Checksum: PlaceDB: 71ec3778 ConstDB: 0 ShapeSum: 2b77298b RouteDB: 0

Phase 1 Build RT Design
Phase 1 Build RT Design | Checksum: 16f39c1b3

Time (s): cpu = 00:00:13 ; elapsed = 00:00:08 . Memory (MB): peak = 1756.305 ; gain = 129.430
Post Restoration Checksum: NetGraph: a3ceb2e2 NumContArr: cb6b0ed1 Constraints: 0 Timing: 0

Phase 2 Router Initialization

Phase 2.1 Create Timer
Phase 2.1 Create Timer | Checksum: 16f39c1b3

Time (s): cpu = 00:00:13 ; elapsed = 00:00:08 . Memory (MB): peak = 1756.305 ; gain = 129.430

Phase 2.2 Fix Topology Constraints
Phase 2.2 Fix Topology Constraints | Checksum: 16f39c1b3

Time (s): cpu = 00:00:13 ; elapsed = 00:00:08 . Memory (MB): peak = 1762.289 ; gain = 135.414

Phase 2.3 Pre Route Cleanup
Phase 2.3 Pre Route Cleanup | Checksum: 16f39c1b3

Time (s): cpu = 00:00:13 ; elapsed = 00:00:08 . Memory (MB): peak = 1762.289 ; gain = 135.414
 Number of Nodes with overlaps = 0

Phase 2.4 Update Timing
Phase 2.4 Update Timing | Checksum: 117bf9ff8

Time (s): cpu = 00:00:15 ; elapsed = 00:00:09 . Memory (MB): peak = 1778.914 ; gain = 152.039
INFO: [Route 35-416] Intermediate Timing Summary | WNS=1.963  | TNS=0.000  | WHS=-0.417 | THS=-158.665|

Phase 2 Router Initialization | Checksum: 15ad3ad87

Time (s): cpu = 00:00:16 ; elapsed = 00:00:10 . Memory (MB): peak = 1796.457 ; gain = 169.582

Router Utilization Summary
  Global Vertical Routing Utilization    = 0 %
  Global Horizontal Routing Utilization  = 0 %
  Routable Net Status*
  *Does not include unroutable nets such as driverless and loadless.
  Run report_route_status for detailed report.
  Number of Failed Nets               = 5181
    (Failed Nets is the sum of unrouted and partially routed nets)
  Number of Unrouted Nets             = 5181
  Number of Partially Routed Nets     = 0
  Number of Node Overlaps             = 0


Phase 3 Initial Routing
Phase 3 Initial Routing | Checksum: e3053163

Time (s): cpu = 00:00:17 ; elapsed = 00:00:11 . Memory (MB): peak = 1796.457 ; gain = 169.582

Phase 4 Rip-up And Reroute

Phase 4.1 Global Iteration 0
 Number of Nodes with overlaps = 140
 Number of Nodes with overlaps = 1
 Number of Nodes with overlaps = 0
INFO: [Route 35-416] Intermediate Timing Summary | WNS=1.350  | TNS=0.000  | WHS=N/A    | THS=N/A    |

Phase 4.1 Global Iteration 0 | Checksum: 187abd900

Time (s): cpu = 00:00:22 ; elapsed = 00:00:13 . Memory (MB): peak = 1815.023 ; gain = 188.148
Phase 4 Rip-up And Reroute | Checksum: 187abd900

Time (s): cpu = 00:00:22 ; elapsed = 00:00:14 . Memory (MB): peak = 1815.023 ; gain = 188.148

Phase 5 Delay and Skew Optimization

Phase 5.1 Delay CleanUp
Phase 5.1 Delay CleanUp | Checksum: 187abd900

Time (s): cpu = 00:00:22 ; elapsed = 00:00:14 . Memory (MB): peak = 1815.023 ; gain = 188.148

Phase 5.2 Clock Skew Optimization
Phase 5.2 Clock Skew Optimization | Checksum: 187abd900

Time (s): cpu = 00:00:22 ; elapsed = 00:00:14 . Memory (MB): peak = 1815.023 ; gain = 188.148
Phase 5 Delay and Skew Optimization | Checksum: 187abd900

Time (s): cpu = 00:00:22 ; elapsed = 00:00:14 . Memory (MB): peak = 1815.023 ; gain = 188.148

Phase 6 Post Hold Fix

Phase 6.1 Hold Fix Iter

Phase 6.1.1 Update Timing
Phase 6.1.1 Update Timing | Checksum: 1e2361726

Time (s): cpu = 00:00:22 ; elapsed = 00:00:14 . Memory (MB): peak = 1815.023 ; gain = 188.148
INFO: [Route 35-416] Intermediate Timing Summary | WNS=1.437  | TNS=0.000  | WHS=0.057  | THS=0.000  |

Phase 6.1 Hold Fix Iter | Checksum: 1ecca4288

Time (s): cpu = 00:00:22 ; elapsed = 00:00:14 . Memory (MB): peak = 1815.023 ; gain = 188.148
Phase 6 Post Hold Fix | Checksum: 1ecca4288

Time (s): cpu = 00:00:22 ; elapsed = 00:00:14 . Memory (MB): peak = 1815.023 ; gain = 188.148

Phase 7 Route finalize

Router Utilization Summary
  Global Vertical Routing Utilization    = 1.50856 %
  Global Horizontal Routing Utilization  = 1.71212 %
  Routable Net Status*
  *Does not include unroutable nets such as driverless and loadless.
  Run report_route_status for detailed report.
  Number of Failed Nets               = 0
    (Failed Nets is the sum of unrouted and partially routed nets)
  Number of Unrouted Nets             = 0
  Number of Partially Routed Nets     = 0
  Number of Node Overlaps             = 0

Phase 7 Route finalize | Checksum: 21cdb2fbc

Time (s): cpu = 00:00:22 ; elapsed = 00:00:14 . Memory (MB): peak = 1815.023 ; gain = 188.148

Phase 8 Verifying routed nets

 Verification completed successfully
Phase 8 Verifying routed nets | Checksum: 21cdb2fbc

Time (s): cpu = 00:00:22 ; elapsed = 00:00:14 . Memory (MB): peak = 1815.023 ; gain = 188.148

Phase 9 Depositing Routes
Phase 9 Depositing Routes | Checksum: 227403df5

Time (s): cpu = 00:00:23 ; elapsed = 00:00:14 . Memory (MB): peak = 1815.023 ; gain = 188.148

Phase 10 Post Router Timing
INFO: [Route 35-57] Estimated Timing Summary | WNS=1.437  | TNS=0.000  | WHS=0.057  | THS=0.000  |

INFO: [Route 35-327] The final timing numbers are based on the router estimated timing analysis. For a complete and accurate timing signoff, please run report_timing_summary.
Phase 10 Post Router Timing | Checksum: 227403df5

Time (s): cpu = 00:00:23 ; elapsed = 00:00:14 . Memory (MB): peak = 1815.023 ; gain = 188.148
INFO: [Route 35-16] Router Completed Successfully

Time (s): cpu = 00:00:23 ; elapsed = 00:00:14 . Memory (MB): peak = 1815.023 ; gain = 188.148

Routing Is Done.
INFO: [Common 17-83] Releasing license: Implementation
88 Infos, 21 Warnings, 0 Critical Warnings and 0 Errors encountered.
route_design completed successfully
route_design: Time (s): cpu = 00:00:25 ; elapsed = 00:00:15 . Memory (MB): peak = 1815.023 ; gain = 188.148
INFO: [Timing 38-480] Writing timing data to binary archive.
Writing placer database...
Writing XDEF routing.
Writing XDEF routing logical nets.
Writing XDEF routing special nets.
Write XDEF Complete: Time (s): cpu = 00:00:01 ; elapsed = 00:00:00.389 . Memory (MB): peak = 1815.023 ; gain = 0.000
INFO: [Common 17-1381] The checkpoint 'E:/INFOTECH/First Semester/Digital system design/Xilinx/project_1/project_1.runs/impl_1/bft_routed.dcp' has been generated.
INFO: [runtcl-4] Executing : report_drc -file bft_drc_routed.rpt -pb bft_drc_routed.pb -rpx bft_drc_routed.rpx
Command: report_drc -file bft_drc_routed.rpt -pb bft_drc_routed.pb -rpx bft_drc_routed.rpx
INFO: [IP_Flow 19-1839] IP Catalog is up to date.
INFO: [DRC 23-27] Running DRC with 2 threads
INFO: [Coretcl 2-168] The results of DRC are in file E:/INFOTECH/First Semester/Digital system design/Xilinx/project_1/project_1.runs/impl_1/bft_drc_routed.rpt.
report_drc completed successfully
INFO: [runtcl-4] Executing : report_methodology -file bft_methodology_drc_routed.rpt -pb bft_methodology_drc_routed.pb -rpx bft_methodology_drc_routed.rpx
Command: report_methodology -file bft_methodology_drc_routed.rpt -pb bft_methodology_drc_routed.pb -rpx bft_methodology_drc_routed.rpx
INFO: [Timing 38-35] Done setting XDC timing constraints.
INFO: [DRC 23-133] Running Methodology with 2 threads
INFO: [Coretcl 2-1520] The results of Report Methodology are in file E:/INFOTECH/First Semester/Digital system design/Xilinx/project_1/project_1.runs/impl_1/bft_methodology_drc_routed.rpt.
report_methodology completed successfully
INFO: [runtcl-4] Executing : report_power -file bft_power_routed.rpt -pb bft_power_summary_routed.pb -rpx bft_power_routed.rpx
Command: report_power -file bft_power_routed.rpt -pb bft_power_summary_routed.pb -rpx bft_power_routed.rpx
INFO: [Timing 38-35] Done setting XDC timing constraints.
Running Vector-less Activity Propagation...

Finished Running Vector-less Activity Propagation
100 Infos, 21 Warnings, 0 Critical Warnings and 0 Errors encountered.
report_power completed successfully
INFO: [runtcl-4] Executing : report_route_status -file bft_route_status.rpt -pb bft_route_status.pb
INFO: [runtcl-4] Executing : report_timing_summary -max_paths 10 -file bft_timing_summary_routed.rpt -pb bft_timing_summary_routed.pb -rpx bft_timing_summary_routed.rpx -warn_on_violation 
INFO: [Timing 38-91] UpdateTimingParams: Speed grade: -2, Delay Type: min_max.
INFO: [Timing 38-191] Multithreading enabled for timing update using a maximum of 2 CPUs
INFO: [runtcl-4] Executing : report_incremental_reuse -file bft_incremental_reuse_routed.rpt
INFO: [Vivado_Tcl 4-1062] Incremental flow is disabled. No incremental reuse Info to report.
INFO: [runtcl-4] Executing : report_clock_utilization -file bft_clock_utilization_routed.rpt
INFO: [runtcl-4] Executing : report_bus_skew -warn_on_violation -file bft_bus_skew_routed.rpt -pb bft_bus_skew_routed.pb -rpx bft_bus_skew_routed.rpx
INFO: [Timing 38-91] UpdateTimingParams: Speed grade: -2, Delay Type: min_max.
INFO: [Timing 38-191] Multithreading enabled for timing update using a maximum of 2 CPUs
INFO: [Common 17-206] Exiting Vivado at Sat Nov  7 15:23:02 2020...
